TN:
SF:src\bankAccount.js
FN:1,BankAccount
FN:6,(anonymous_1)
FN:15,(anonymous_2)
FN:29,(anonymous_3)
FNF:4
FNH:4
FNDA:10,BankAccount
FNDA:4,(anonymous_1)
FNDA:5,(anonymous_2)
FNDA:1,(anonymous_3)
DA:2,10
DA:3,10
DA:6,1
DA:7,4
DA:8,3
DA:9,3
DA:12,1
DA:15,1
DA:16,5
DA:17,3
DA:18,3
DA:21,2
DA:22,1
DA:23,1
DA:26,1
DA:29,1
DA:30,1
DA:33,1
LF:18
LH:18
BRDA:7,0,0,3
BRDA:7,0,1,1
BRDA:7,1,0,4
BRDA:7,1,1,3
BRDA:7,1,2,3
BRDA:16,2,0,3
BRDA:16,2,1,2
BRDA:16,3,0,5
BRDA:16,3,1,4
BRDA:16,3,2,4
BRDA:21,4,0,1
BRDA:21,4,1,1
BRF:12
BRH:12
end_of_record
